<?xml version="1.0" encoding="UTF-8"?>
<!-- Generated by org.testng.reporters.JUnitReportReporter -->
<testsuite hostname="UD1" failures="0" tests="1" name="com.as.testcases.LoginTest" time="8.386" errors="0" timestamp="2022-09-06T16:36:09 IST" skipped="0">
  <testcase classname="com.as.testcases.LoginTest" name="loginApp" time="8.386"/>
  <system-out/>
</testsuite> <!-- com.as.testcases.LoginTest -->
